A.L.E: Arcade Learning Environment (version 0.7.5+db37282)
[Powered by Stella]
/home/aariyak/miniconda3/envs/DS595RL/lib/python3.9/site-packages/gym/core.py:317: DeprecationWarning: [33mWARN: Initializing wrapper in old step API which returns one bool instead of two. It is recommended to set `new_step_api=True` to use new step API. This will be the default behaviour in future.[0m
  deprecation(
/home/aariyak/miniconda3/envs/DS595RL/lib/python3.9/site-packages/gym/utils/passive_env_checker.py:227: DeprecationWarning: [33mWARN: Core environment is written in old step API which returns one bool instead of two. It is recommended to rewrite the environment with new step API. [0m
  logger.deprecation(
Traceback (most recent call last):
  File "/home/aariyak/Atari-Advanced-DQN/main.py", line 47, in <module>
    run(args)
  File "/home/aariyak/Atari-Advanced-DQN/main.py", line 35, in run
    agent.train()
  File "/home/aariyak/Atari-Advanced-DQN/agent_dqn.py", line 203, in train
    torch.save({'episode': episode,
  File "/home/aariyak/miniconda3/envs/DS595RL/lib/python3.9/site-packages/torch/serialization.py", line 376, in save
    with _open_file_like(f, 'wb') as opened_file:
  File "/home/aariyak/miniconda3/envs/DS595RL/lib/python3.9/site-packages/torch/serialization.py", line 230, in _open_file_like
    return _open_file(name_or_buffer, mode)
  File "/home/aariyak/miniconda3/envs/DS595RL/lib/python3.9/site-packages/torch/serialization.py", line 211, in __init__
    super(_open_file, self).__init__(open(name, mode))
FileNotFoundError: [Errno 2] No such file or directory: 'checkpoints/155000.pt'
